app/build/outputs/logs/manifest-merger-debug-report.txt
-- Merging decision tree log ---
manifest
ADDED from src\main\AndroidManifest.xml:18:1-67:12
INJECTED from src\main\AndroidManifest.xml:18:1-67:12
MERGED from [com.aliyun.dpa:oss-android-sdk:2.8.2] AndroidManifest.xml:2:1-22:12
MERGED from [com.android.support:appcompat-v7:26.1.0] AndroidManifest.xml:17:1-31:12
MERGED from [com.android.support:animated-vector-drawable:26.1.0] AndroidManifest.xml:17:1-28:12
MERGED from [com.android.support:support-vector-drawable:26.1.0] AndroidManifest.xml:17:1-28:12
MERGED from [com.android.support:support-v4:26.1.0] AndroidManifest.xml:17:1-31:12
MERGED from [com.android.support:support-media-compat:26.1.0] AndroidManifest.xml:17:1-31:12
MERGED from [com.android.support:support-fragment:26.1.0] AndroidManifest.xml:17:1-31:12
MERGED from [com.android.support:support-core-utils:26.1.0] AndroidManifest.xml:17:1-31:12
MERGED from [com.android.support:support-core-ui:26.1.0] AndroidManifest.xml:17:1-31:12
MERGED from [com.android.support:support-compat:26.1.0] AndroidManifest.xml:17:1-31:12
MERGED from [com.google.android.things.contrib:driver-button:0.6] AndroidManifest.xml:17:1-32:12
MERGED from [org.tensorflow:tensorflow-lite:0.1.1] AndroidManifest.xml:2:1-6:12
MERGED from [android.arch.lifecycle:runtime:1.0.0] AndroidManifest.xml:17:1-30:12
INJECTED from src\main\AndroidManifest.xml:18:1-67:12
	package
		ADDED from src\main\AndroidManifest.xml:20:5-56
		INJECTED from src\main\AndroidManifest.xml
		INJECTED from src\main\AndroidManifest.xml
	xmlns:tools
		ADDED from src\main\AndroidManifest.xml:19:5-51
	xmlns:android
		ADDED from src\main\AndroidManifest.xml:18:11-69
uses-permission#android.permission.INTERNET
ADDED from src\main\AndroidManifest.xml:23:5-67
MERGED from [com.aliyun.dpa:oss-android-sdk:2.8.2] AndroidManifest.xml:11:5-67
MERGED from [com.aliyun.dpa:oss-android-sdk:2.8.2] AndroidManifest.xml:11:5-67
	android:name
		ADDED from src\main\AndroidManifest.xml:23:22-64
uses-permission#android.permission.ACCESS_NETWORK_STATE
ADDED from src\main\AndroidManifest.xml:24:5-79
MERGED from [com.aliyun.dpa:oss-android-sdk:2.8.2] AndroidManifest.xml:12:5-79
MERGED from [com.aliyun.dpa:oss-android-sdk:2.8.2] AndroidManifest.xml:12:5-79
	android:name
		ADDED from src\main\AndroidManifest.xml:24:22-76
uses-permission#android.permission.ACCESS_WIFI_STATE
ADDED from src\main\AndroidManifest.xml:25:5-76
MERGED from [com.aliyun.dpa:oss-android-sdk:2.8.2] AndroidManifest.xml:13:5-76
MERGED from [com.aliyun.dpa:oss-android-sdk:2.8.2] AndroidManifest.xml:13:5-76
	android:name
		ADDED from src\main\AndroidManifest.xml:25:22-73
uses-permission#android.permission.WRITE_EXTERNAL_STORAGE
ADDED from src\main\AndroidManifest.xml:26:5-81
MERGED from [com.aliyun.dpa:oss-android-sdk:2.8.2] AndroidManifest.xml:14:5-81
MERGED from [com.aliyun.dpa:oss-android-sdk:2.8.2] AndroidManifest.xml:14:5-81
	android:name
		ADDED from src\main\AndroidManifest.xml:26:22-78
uses-permission#android.permission.WAKE_LOCK
ADDED from src\main\AndroidManifest.xml:27:5-67
	android:name
		ADDED from src\main\AndroidManifest.xml:27:22-65
uses-permission#android.permission.CAMERA
ADDED from src\main\AndroidManifest.xml:29:5-65
	android:name
		ADDED from src\main\AndroidManifest.xml:29:22-62
uses-feature#android.hardware.camera
ADDED from src\main\AndroidManifest.xml:31:5-60
	android:name
		ADDED from src\main\AndroidManifest.xml:31:19-57
uses-feature#android.hardware.camera.autofocus
ADDED from src\main\AndroidManifest.xml:32:5-70
	android:name
		ADDED from src\main\AndroidManifest.xml:32:19-67
uses-permission#com.google.android.things.permission.MANAGE_INPUT_DRIVERS
ADDED from src\main\AndroidManifest.xml:33:5-97
	android:name
		ADDED from src\main\AndroidManifest.xml:33:22-94
application
ADDED from src\main\AndroidManifest.xml:36:5-65:19
MERGED from [com.aliyun.dpa:oss-android-sdk:2.8.2] AndroidManifest.xml:17:5-20:19
MERGED from [com.aliyun.dpa:oss-android-sdk:2.8.2] AndroidManifest.xml:17:5-20:19
MERGED from [com.android.support:appcompat-v7:26.1.0] AndroidManifest.xml:25:5-29:19
MERGED from [com.android.support:appcompat-v7:26.1.0] AndroidManifest.xml:25:5-29:19
MERGED from [com.android.support:animated-vector-drawable:26.1.0] AndroidManifest.xml:22:5-26:19
MERGED from [com.android.support:animated-vector-drawable:26.1.0] AndroidManifest.xml:22:5-26:19
MERGED from [com.android.support:support-vector-drawable:26.1.0] AndroidManifest.xml:22:5-26:19
MERGED from [com.android.support:support-vector-drawable:26.1.0] AndroidManifest.xml:22:5-26:19
MERGED from [com.android.support:support-v4:26.1.0] AndroidManifest.xml:25:5-29:19
MERGED from [com.android.support:support-v4:26.1.0] AndroidManifest.xml:25:5-29:19
MERGED from [com.android.support:support-media-compat:26.1.0] AndroidManifest.xml:25:5-29:19
MERGED from [com.android.support:support-media-compat:26.1.0] AndroidManifest.xml:25:5-29:19
MERGED from [com.android.support:support-fragment:26.1.0] AndroidManifest.xml:25:5-29:19
MERGED from [com.android.support:support-fragment:26.1.0] AndroidManifest.xml:25:5-29:19
MERGED from [com.android.support:support-core-utils:26.1.0] AndroidManifest.xml:25:5-29:19
MERGED from [com.android.support:support-core-utils:26.1.0] AndroidManifest.xml:25:5-29:19
MERGED from [com.android.support:support-core-ui:26.1.0] AndroidManifest.xml:25:5-29:19
MERGED from [com.android.support:support-core-ui:26.1.0] AndroidManifest.xml:25:5-29:19
MERGED from [com.android.support:support-compat:26.1.0] AndroidManifest.xml:25:5-29:19
MERGED from [com.android.support:support-compat:26.1.0] AndroidManifest.xml:25:5-29:19
MERGED from [com.google.android.things.contrib:driver-button:0.6] AndroidManifest.xml:26:5-30:19
MERGED from [com.google.android.things.contrib:driver-button:0.6] AndroidManifest.xml:26:5-30:19
MERGED from [org.tensorflow:tensorflow-lite:0.1.1] AndroidManifest.xml:4:45-5:18
MERGED from [org.tensorflow:tensorflow-lite:0.1.1] AndroidManifest.xml:4:45-5:18
MERGED from [android.arch.lifecycle:runtime:1.0.0] AndroidManifest.xml:24:5-28:19
MERGED from [android.arch.lifecycle:runtime:1.0.0] AndroidManifest.xml:24:5-28:19
	android:label
		ADDED from src\main\AndroidManifest.xml:37:9-41
	android:icon
		ADDED from src\main\AndroidManifest.xml:38:9-58
	android:allowBackup
		ADDED from src\main\AndroidManifest.xml:36:18-44
	android:theme
		ADDED from src\main\AndroidManifest.xml:39:9-67
activity#com.example.androidthings.imageclassifier.ImageClassifierActivity
ADDED from src\main\AndroidManifest.xml:41:9-55:20
	android:screenOrientation
		ADDED from src\main\AndroidManifest.xml:42:19-56
	android:label
		ADDED from src\main\AndroidManifest.xml:43:19-51
	android:name
		ADDED from src\main\AndroidManifest.xml:41:19-58
intent-filter#android.intent.action.MAIN+android.intent.category.LAUNCHER
ADDED from src\main\AndroidManifest.xml:44:13-47:29
action#android.intent.action.MAIN
ADDED from src\main\AndroidManifest.xml:45:17-69
	android:name
		ADDED from src\main\AndroidManifest.xml:45:25-66
category#android.intent.category.LAUNCHER
ADDED from src\main\AndroidManifest.xml:46:17-77
	android:name
		ADDED from src\main\AndroidManifest.xml:46:27-74
intent-filter#android.intent.action.MAIN+android.intent.category.DEFAULT+android.intent.category.IOT_LAUNCHER
ADDED from src\main\AndroidManifest.xml:50:13-54:29
category#android.intent.category.IOT_LAUNCHER
ADDED from src\main\AndroidManifest.xml:52:17-80
	android:name
		ADDED from src\main\AndroidManifest.xml:52:27-78
category#android.intent.category.DEFAULT
ADDED from src\main\AndroidManifest.xml:53:17-75
	android:name
		ADDED from src\main\AndroidManifest.xml:53:27-73
uses-library#com.google.android.things
ADDED from src\main\AndroidManifest.xml:60:9-62:48
MERGED from [com.google.android.things.contrib:driver-button:0.6] AndroidManifest.xml:27:9-29:40
MERGED from [com.google.android.things.contrib:driver-button:0.6] AndroidManifest.xml:27:9-29:40
	android:required
		ADDED from src\main\AndroidManifest.xml:61:13-37
		REJECTED from [com.google.android.things.contrib:driver-button:0.6] AndroidManifest.xml:29:13-37
	tools:replace
		ADDED from src\main\AndroidManifest.xml:62:13-45
	android:name
		ADDED from src\main\AndroidManifest.xml:60:23-63
service#org.eclipse.paho.android.service.MqttService
ADDED from src\main\AndroidManifest.xml:64:9-80
	android:name
		ADDED from src\main\AndroidManifest.xml:64:18-77
uses-sdk
INJECTED from src\main\AndroidManifest.xml reason: use-sdk injection requested
INJECTED from src\main\AndroidManifest.xml
INJECTED from src\main\AndroidManifest.xml
MERGED from [com.aliyun.dpa:oss-android-sdk:2.8.2] AndroidManifest.xml:7:5-9:41
MERGED from [com.aliyun.dpa:oss-android-sdk:2.8.2] AndroidManifest.xml:7:5-9:41
MERGED from [com.android.support:appcompat-v7:26.1.0] AndroidManifest.xml:21:5-23:78
MERGED from [com.android.support:appcompat-v7:26.1.0] AndroidManifest.xml:21:5-23:78
MERGED from [com.android.support:animated-vector-drawable:26.1.0] AndroidManifest.xml:20:5-44
MERGED from [com.android.support:animated-vector-drawable:26.1.0] AndroidManifest.xml:20:5-44
MERGED from [com.android.support:support-vector-drawable:26.1.0] AndroidManifest.xml:20:5-44
MERGED from [com.android.support:support-vector-drawable:26.1.0] AndroidManifest.xml:20:5-44
MERGED from [com.android.support:support-v4:26.1.0] AndroidManifest.xml:21:5-23:54
MERGED from [com.android.support:support-v4:26.1.0] AndroidManifest.xml:21:5-23:54
MERGED from [com.android.support:support-media-compat:26.1.0] AndroidManifest.xml:21:5-23:63
MERGED from [com.android.support:support-media-compat:26.1.0] AndroidManifest.xml:21:5-23:63
MERGED from [com.android.support:support-fragment:26.1.0] AndroidManifest.xml:21:5-23:60
MERGED from [com.android.support:support-fragment:26.1.0] AndroidManifest.xml:21:5-23:60
MERGED from [com.android.support:support-core-utils:26.1.0] AndroidManifest.xml:21:5-23:61
MERGED from [com.android.support:support-core-utils:26.1.0] AndroidManifest.xml:21:5-23:61
MERGED from [com.android.support:support-core-ui:26.1.0] AndroidManifest.xml:21:5-23:58
MERGED from [com.android.support:support-core-ui:26.1.0] AndroidManifest.xml:21:5-23:58
MERGED from [com.android.support:support-compat:26.1.0] AndroidManifest.xml:21:5-23:58
MERGED from [com.android.support:support-compat:26.1.0] AndroidManifest.xml:21:5-23:58
MERGED from [com.google.android.things.contrib:driver-button:0.6] AndroidManifest.xml:22:5-24:41
MERGED from [com.google.android.things.contrib:driver-button:0.6] AndroidManifest.xml:22:5-24:41
MERGED from [org.tensorflow:tensorflow-lite:0.1.1] AndroidManifest.xml:4:4-45
MERGED from [org.tensorflow:tensorflow-lite:0.1.1] AndroidManifest.xml:4:4-45
MERGED from [android.arch.lifecycle:runtime:1.0.0] AndroidManifest.xml:20:5-22:41
MERGED from [android.arch.lifecycle:runtime:1.0.0] AndroidManifest.xml:20:5-22:41
INJECTED from src\main\AndroidManifest.xml
INJECTED from src\main\AndroidManifest.xml
	tools:overrideLibrary
		ADDED from [com.android.support:appcompat-v7:26.1.0] AndroidManifest.xml:23:9-75
	android:targetSdkVersion
		INJECTED from src\main\AndroidManifest.xml
		ADDED from src\main\AndroidManifest.xml
		INJECTED from src\main\AndroidManifest.xml
	android:minSdkVersion
		INJECTED from src\main\AndroidManifest.xml
		ADDED from src\main\AndroidManifest.xml
		MERGED from src\main\AndroidManifest.xml
		INJECTED from src\main\AndroidManifest.xml
uses-permission#android.permission.CHANGE_WIFI_STATE
ADDED from [com.aliyun.dpa:oss-android-sdk:2.8.2] AndroidManifest.xml:15:5-76
	android:name
		ADDED from [com.aliyun.dpa:oss-android-sdk:2.8.2] AndroidManifest.xml:15:22-73
meta-data#android.support.VERSION
ADDED from [com.android.support:appcompat-v7:26.1.0] AndroidManifest.xml:26:9-28:38
MERGED from [com.android.support:animated-vector-drawable:26.1.0] AndroidManifest.xml:23:9-25:38
MERGED from [com.android.support:animated-vector-drawable:26.1.0] AndroidManifest.xml:23:9-25:38
MERGED from [com.android.support:support-vector-drawable:26.1.0] AndroidManifest.xml:23:9-25:38
MERGED from [com.android.support:support-vector-drawable:26.1.0] AndroidManifest.xml:23:9-25:38
MERGED from [com.android.support:support-v4:26.1.0] AndroidManifest.xml:26:9-28:38
MERGED from [com.android.support:support-v4:26.1.0] AndroidManifest.xml:26:9-28:38
MERGED from [com.android.support:support-media-compat:26.1.0] AndroidManifest.xml:26:9-28:38
MERGED from [com.android.support:support-media-compat:26.1.0] AndroidManifest.xml:26:9-28:38
MERGED from [com.android.support:support-fragment:26.1.0] AndroidManifest.xml:26:9-28:38
MERGED from [com.android.support:support-fragment:26.1.0] AndroidManifest.xml:26:9-28:38
MERGED from [com.android.support:support-core-utils:26.1.0] AndroidManifest.xml:26:9-28:38
MERGED from [com.android.support:support-core-utils:26.1.0] AndroidManifest.xml:26:9-28:38
MERGED from [com.android.support:support-core-ui:26.1.0] AndroidManifest.xml:26:9-28:38
MERGED from [com.android.support:support-core-ui:26.1.0] AndroidManifest.xml:26:9-28:38
MERGED from [com.android.support:support-compat:26.1.0] AndroidManifest.xml:26:9-28:38
MERGED from [com.android.support:support-compat:26.1.0] AndroidManifest.xml:26:9-28:38
	android:value
		ADDED from [com.android.support:appcompat-v7:26.1.0] AndroidManifest.xml:28:13-35
	android:name
		ADDED from [com.android.support:appcompat-v7:26.1.0] AndroidManifest.xml:27:13-51
meta-data#android.arch.lifecycle.VERSION
ADDED from [android.arch.lifecycle:runtime:1.0.0] AndroidManifest.xml:25:9-27:47
	android:value
		ADDED from [android.arch.lifecycle:runtime:1.0.0] AndroidManifest.xml:27:13-44
	android:name
		ADDED from [android.arch.lifecycle:runtime:1.0.0] AndroidManifest.xml:26:13-58